\BOOKMARK [1][-]{section.1}{\376\377\153\143\124\010\203\003\165\164\116\016\116\011\211\322\203\003\165\164\142\376\220\127}{}% 1
\BOOKMARK [2][-]{subsection.1.1}{\376\377\153\143\124\010\203\003\165\164}{section.1}% 2
\BOOKMARK [2][-]{subsection.1.2}{\376\377\116\011\211\322\203\003\165\164}{section.1}% 3
\BOOKMARK [2][-]{subsection.1.3}{\376\377\124\014\117\046\166\204\143\250\121\372\142\311\126\336}{section.1}% 4
\BOOKMARK [1][-]{section.2}{\376\377\122\035\143\242\131\026\116\011\211\322\203\003\165\164}{}% 5
\BOOKMARK [2][-]{subsection.2.1}{\376\377\127\372\147\054\133\232\116\111}{section.2}% 6
\BOOKMARK [2][-]{subsection.2.2}{\376\377\121\155\230\171\153\143\124\010\122\027}{section.2}% 7
\BOOKMARK [2][-]{subsection.2.3}{\376\377\116\224\230\171\153\143\124\010\122\027\166\204\143\250\213\272}{section.2}% 8
\BOOKMARK [2][-]{subsection.2.4}{\376\377\142\151\137\040\143\320\123\107\137\025\164\006}{section.2}% 9
\BOOKMARK [1][-]{section.3}{\376\377\126\376\210\150\133\232\164\006}{}% 10
\BOOKMARK [2][-]{subsection.3.1}{\376\377\123\314\000\040\000d\000e\000f\000l\000a\000t\000i\000o\000n\000\040\000\050\000i\000n\000f\000l\000a\000t\000i\000o\000n\000\051\000\040\166\204\142\311\126\336\000\040\000\050\143\250\121\372\000\051}{section.3}% 11
\BOOKMARK [2][-]{subsection.3.2}{\376\377\124\014\117\046\166\204\143\250\121\372\142\311\126\336\145\271\127\127}{section.3}% 12
\BOOKMARK [2][-]{subsection.3.3}{\376\377\137\061\136\102\173\111\133\214\131\007}{section.3}% 13
\BOOKMARK [2][-]{subsection.3.4}{\376\377\116\135\137\025\164\006}{section.3}% 14
\BOOKMARK [1][-]{section.4}{\376\377\162\171\153\212\166\204\131\026\116\011\211\322\203\003\165\164}{}% 15
\BOOKMARK [2][-]{subsection.4.1}{\376\377\121\150\133\120\203\003\165\164}{section.4}% 16
\BOOKMARK [2][-]{subsection.4.2}{\376\377\153\143\124\010\203\003\165\164\146\057\131\026\116\011\211\322\203\003\165\164}{section.4}% 17
\BOOKMARK [2][-]{subsection.4.3}{\376\377\116\011\211\322\203\003\165\164\146\057\131\026\116\011\211\322\203\003\165\164}{section.4}% 18
\BOOKMARK [2][-]{subsection.4.4}{\376\377\201\352\173\111\116\367\000\040\000\040\131\026\116\011\211\322\203\003\165\164\000\040\000\040\116\011\211\322\203\003\165\164}{section.4}% 19
\BOOKMARK [2][-]{subsection.4.5}{\376\377\164\006\140\363\125\106}{section.4}% 20
\BOOKMARK [1][-]{section.5}{\376\377\000H\000o\000v\000e\000y\000\040\133\371\136\224}{}% 21
\BOOKMARK [2][-]{subsection.5.1}{\376\377\117\131\143\040\133\371}{section.5}% 22
\BOOKMARK [2][-]{subsection.5.2}{\376\377\220\127\117\040\117\131\143\040\133\371}{section.5}% 23
\BOOKMARK [2][-]{subsection.5.3}{\376\377\140\001\134\004\211\302\160\271}{section.5}% 24
\BOOKMARK [2][-]{subsection.5.4}{\376\377\152\041\127\213\176\323\147\204}{section.5}% 25
\BOOKMARK [2][-]{subsection.5.5}{\376\377\000H\000o\000v\000e\000y\000\040\133\152\165\037\117\131\143\040\133\371}{section.5}% 26
\BOOKMARK [2][-]{subsection.5.6}{\376\377\166\370\133\271\225\355\152\041\127\213\176\323\147\204\000\040\000\040\000H\000o\000v\000e\000y\000\040\133\152\165\037\117\131\143\040\133\371}{section.5}% 27
\BOOKMARK [2][-]{subsection.5.7}{\376\377\000H\000o\000v\000e\000y\000\040\133\152\165\037\117\131\143\040\133\371\000\040\000\040\166\370\133\271\225\355\152\041\127\213\176\323\147\204}{section.5}% 28
\BOOKMARK [1][-]{section.6}{\376\377\124\014\117\046\203\003\165\164}{}% 29
\BOOKMARK [2][-]{subsection.6.1}{\376\377\134\100\220\350\123\026}{section.6}% 30
\BOOKMARK [2][-]{subsection.6.2}{\376\377\122\240\154\325\134\100\220\350\123\026}{section.6}% 31
\BOOKMARK [2][-]{subsection.6.3}{\376\377\000Q\000u\000i\000l\000l\000e\000n\000\040\166\204\124\014\117\046\203\003\165\164}{section.6}% 32
\BOOKMARK [2][-]{subsection.6.4}{\376\377\165\061\000\040\000\040\122\060\124\014\117\046\203\003\165\164\166\204\116\011\171\315\145\271\137\017}{section.6}% 33
\BOOKMARK [2][-]{subsection.6.5}{\376\377\124\014\117\046\203\003\165\164\166\204\116\011\211\322\176\323\147\204}{section.6}% 34
\BOOKMARK [1][-]{section.7}{\376\377\124\014\214\003\140\047\215\050}{}% 35
\BOOKMARK [2][-]{subsection.7.1}{\376\377\121\375\133\120}{section.7}% 36
\BOOKMARK [1][-]{section.8}{\376\377\131\026\116\011\211\322\203\003\165\164\166\204\000\040\000H\000e\000l\000l\000e\000r\000-\147\204\220\040}{}% 37
\BOOKMARK [2][-]{subsection.8.1}{\376\377\127\372\147\054\215\104\145\231}{section.8}% 38
